TN:test
SF:/home/alex/21-school/mydecimal/src/s21_decimal.c
FN:8,init_struct
FNDA:259,init_struct
FN:19,get_bit
FNDA:8979389,get_bit
FN:34,set_bit
FNDA:1015169,set_bit
FN:48,set_sign
FNDA:15282,set_sign
FN:62,get_sign
FNDA:101655,get_sign
FN:72,get_scale
FNDA:76655,get_scale
FN:81,set_scale
FNDA:205,set_scale
FN:97,offset_left
FNDA:21909,offset_left
FN:119,last_bit
FNDA:22138,last_bit
FN:130,convert_to_addcode
FNDA:5086,convert_to_addcode
FN:153,scale_equalize
FNDA:22,scale_equalize
FN:219,bit_addition
FNDA:10369,bit_addition
FN:270,check_for_add
FNDA:5094,check_for_add
FN:299,s21_add
FNDA:5094,s21_add
FN:386,s21_sub
FNDA:5546,s21_sub
FN:450,is_NAN
FNDA:27327,is_NAN
FN:464,is_inf
FNDA:37695,is_inf
FN:486,is_neg_inf
FNDA:27326,is_neg_inf
FN:511,is_negative
FNDA:27326,is_negative
FN:527,check_scale
FNDA:27326,check_scale
FN:543,zero_check
FNDA:27326,zero_check
FN:562,s21_is_greater
FNDA:15973,s21_is_greater
FN:607,s21_is_less
FNDA:5086,s21_is_less
FN:617,s21_is_equal
FNDA:11354,s21_is_equal
FN:655,s21_is_greater_or_equal
FNDA:10887,s21_is_greater_or_equal
FN:674,bits_copy
FNDA:189,bits_copy
FN:686,s21_from_int_to_decimal
FNDA:1,s21_from_int_to_decimal
FN:709,s21_from_decimal_to_int
FNDA:1,s21_from_decimal_to_int
FN:725,getFloatSign
FNDA:5,getFloatSign
FN:732,getFloatExp
FNDA:7,getFloatExp
FN:740,s21_from_float_to_decimal
FNDA:5,s21_from_float_to_decimal
FN:781,s21_from_decimal_to_float
FNDA:2,s21_from_decimal_to_float
FN:805,div_only_bits
FNDA:229,div_only_bits
FN:831,s21_truncate
FNDA:17,s21_truncate
FN:862,s21_round
FNDA:8,s21_round
FN:895,s21_floor
FNDA:8,s21_floor
FN:922,s21_negate
FNDA:3,s21_negate
FN:950,clear_bits
FNDA:259,clear_bits
DA:8,259
DA:9,259
DA:10,259
DA:11,259
DA:19,8979389
DA:20,8979389
DA:21,8979389
DA:22,8979389
DA:23,8979389
DA:25,8979389
DA:34,1015169
DA:35,1015169
DA:36,1015169
DA:37,508964
DA:38,506205
DA:39,506205
DA:41,1015169
DA:48,15282
DA:49,15282
DA:50,15282
DA:51,13
DA:53,15269
DA:55,15282
DA:62,101655
DA:63,101655
DA:64,101655
DA:72,76655
DA:73,76655
DA:81,205
DA:82,205
DA:83,0
DA:85,205
DA:86,205
DA:87,205
DA:88,205
DA:90,205
DA:97,21909
DA:98,21909
DA:99,21909
DA:100,0
DA:101,0
DA:103,44196
DA:104,22287
DA:105,22287
DA:106,22287
DA:107,22287
DA:108,22287
DA:109,22287
DA:110,22287
DA:119,22138
DA:120,22138
DA:121,1822594
DA:123,22138
DA:130,5086
DA:132,5086
DA:134,5086
DA:135,5086
DA:136,5086
DA:138,5086
DA:140,5086
DA:141,5086
DA:142,5086
DA:144,5086
DA:145,5086
DA:153,22
DA:154,22
DA:155,22
DA:157,22
DA:158,0
DA:159,22
DA:160,11
DA:161,11
DA:163,11
DA:164,11
DA:168,22
DA:174,211
DA:175,189
DA:178,189
DA:181,189
DA:182,189
DA:183,189
DA:184,189
DA:185,189
DA:186,189
DA:187,189
DA:188,189
DA:194,0
DA:196,0
DA:197,0
DA:198,0
DA:200,0
DA:203,0
DA:206,0
DA:207,0
DA:210,22
DA:219,10369
DA:220,10369
DA:221,10369
DA:223,1005793
DA:224,995424
DA:225,995424
DA:227,995424
DA:228,30107
DA:229,7298
DA:230,7298
DA:232,22809
DA:234,965317
DA:235,951242
DA:236,471012
DA:237,471012
DA:239,480230
DA:242,14075
DA:243,1691
DA:244,1691
DA:246,12384
DA:247,12384
DA:250,995424
DA:251,1
DA:252,1
DA:254,995423
DA:256,10369
DA:257,0
DA:260,10369
DA:270,5094
DA:271,5094
DA:281,5094
DA:283,5094
DA:285,5094
DA:286,5086
DA:287,0
DA:288,0
DA:290,5094
DA:299,5094
DA:300,5094
DA:302,5094
DA:303,10188
DA:306,5094
DA:307,0
DA:311,5094
DA:313,5094
DA:315,0
DA:317,5094
DA:318,0
DA:320,0
DA:321,0
DA:324,0
DA:326,0
DA:327,0
DA:330,0
DA:332,0
DA:333,0
DA:334,0
DA:335,0
DA:337,0
DA:338,0
DA:339,0
DA:344,5094
DA:345,5094
DA:348,0
DA:352,0
DA:353,0
DA:355,0
DA:357,0
DA:358,0
DA:362,0
DA:363,0
DA:364,0
DA:365,0
DA:366,0
DA:367,0
DA:368,0
DA:373,5094
DA:374,0
DA:377,5094
DA:386,5546
DA:387,5546
DA:389,5546
DA:390,5546
DA:392,5546
DA:393,5545
DA:394,6
DA:400,5545
DA:402,0
DA:403,0
DA:404,0
DA:405,0
DA:406,0
DA:410,5545
DA:415,5086
DA:416,5086
DA:417,5086
DA:418,5086
DA:422,5086
DA:423,0
DA:424,0
DA:425,0
DA:427,5086
DA:428,5086
DA:429,5086
DA:434,5086
DA:435,5086
DA:436,5086
DA:441,5546
DA:450,27327
DA:451,27327
DA:452,27327
DA:454,27327
DA:464,37695
DA:465,37695
DA:466,37695
DA:467,37695
DA:469,37695
DA:470,0
DA:471,37695
DA:472,0
DA:473,37695
DA:474,0
DA:476,37695
DA:486,27326
DA:487,27326
DA:488,27326
DA:489,27326
DA:491,27326
DA:492,0
DA:494,27326
DA:495,0
DA:497,27326
DA:498,0
DA:501,27326
DA:511,27326
DA:512,27326
DA:513,27326
DA:514,27326
DA:516,27326
DA:517,27326
DA:519,27326
DA:527,27326
DA:528,27326
DA:529,27326
DA:531,27326
DA:532,16
DA:534,27326
DA:543,27326
DA:544,27326
DA:545,27326
DA:546,27326
DA:548,27326
DA:549,27326
DA:550,0
DA:551,0
DA:553,27326
DA:562,15973
DA:563,15973
DA:564,15973
DA:565,15973
DA:566,0
DA:567,0
DA:569,15973
DA:570,15973
DA:571,15973
DA:572,15973
DA:574,15973
DA:575,15973
DA:576,15973
DA:579,15973
DA:580,15973
DA:581,15973
DA:582,15973
DA:584,15973
DA:587,1506044
DA:588,1490071
DA:589,1490071
DA:590,1490071
DA:591,1490071
DA:593,1490071
DA:594,15516
DA:598,15973
DA:607,5086
DA:608,5086
DA:617,11354
DA:618,11354
DA:619,11354
DA:621,11354
DA:622,11353
DA:624,11353
DA:625,11353
DA:626,11353
DA:628,11353
DA:629,11353
DA:630,11353
DA:633,11354
DA:634,11353
DA:635,11353
DA:637,11353
DA:640,1072129
DA:641,1060775
DA:642,1060775
DA:643,1060775
DA:646,11354
DA:655,10887
DA:656,10887
DA:674,189
DA:675,189
DA:676,189
DA:677,189
DA:678,189
DA:686,1
DA:687,1
DA:688,1
DA:689,1
DA:690,1
DA:691,1
DA:692,0
DA:693,0
DA:695,1
DA:696,1
DA:698,0
DA:700,1
DA:709,1
DA:710,1
DA:711,1
DA:712,1
DA:713,1
DA:714,1
DA:715,1
DA:717,1
DA:725,5
DA:732,7
DA:740,5
DA:741,5
DA:742,5
DA:743,5
DA:745,5
DA:746,1
DA:747,4
DA:748,1
DA:749,3
DA:750,1
DA:752,5
DA:753,2
DA:754,2
DA:755,9
DA:757,2
DA:758,2
DA:760,2
DA:761,4
DA:763,2
DA:764,2
DA:765,2
DA:766,48
DA:767,46
DA:768,2
DA:769,2
DA:772,5
DA:781,2
DA:782,2
DA:783,2
DA:784,2
DA:785,2
DA:786,194
DA:787,192
DA:788,2
DA:789,6
DA:791,2
DA:792,2
DA:793,2
DA:795,2
DA:805,229
DA:807,229
DA:808,229
DA:809,11109
DA:810,10880
DA:811,10880
DA:812,5538
DA:813,5538
DA:814,5538
DA:815,5538
DA:816,5538
DA:818,5342
DA:819,5342
DA:820,5342
DA:823,229
DA:831,17
DA:832,17
DA:833,17
DA:834,17
DA:836,17
DA:837,17
DA:839,17
DA:841,17
DA:842,2
DA:843,15
DA:844,160
DA:845,147
DA:846,147
DA:849,2
DA:852,17
DA:854,17
DA:862,8
DA:863,8
DA:865,8
DA:866,8
DA:867,8
DA:869,8
DA:870,8
DA:872,8
DA:873,8
DA:875,8
DA:877,8
DA:878,7
DA:879,7
DA:880,5
DA:882,7
DA:884,1
DA:887,8
DA:895,8
DA:896,8
DA:897,8
DA:898,8
DA:899,8
DA:901,8
DA:902,8
DA:904,8
DA:905,90
DA:906,8
DA:908,8
DA:909,8
DA:910,3
DA:911,3
DA:914,8
DA:922,3
DA:923,3
DA:925,3
DA:926,3
DA:928,3
DA:929,3
DA:931,3
DA:932,0
DA:933,0
DA:936,3
DA:937,0
DA:938,0
DA:941,3
DA:950,259
DA:951,259
DA:952,259
end_of_record
TN:test
SF:/home/alex/21-school/mydecimal/src/test.c
FN:4,s21_trun_1_fn
FNDA:1,s21_trun_1_fn
FN:23,s21_trun_2_fn
FNDA:1,s21_trun_2_fn
FN:42,s21_trun_3_fn
FNDA:1,s21_trun_3_fn
FN:61,s21_trun_4_fn
FNDA:1,s21_trun_4_fn
FN:80,s21_trun_5_fn
FNDA:1,s21_trun_5_fn
FN:99,s21_trun_6_fn
FNDA:1,s21_trun_6_fn
FN:118,s21_trun_7_fn
FNDA:1,s21_trun_7_fn
FN:137,s21_trun_8_fn
FNDA:1,s21_trun_8_fn
FN:156,s21_trun_9_fn
FNDA:1,s21_trun_9_fn
FN:165,s21_round_1_fn
FNDA:1,s21_round_1_fn
FN:184,s21_round_2_fn
FNDA:1,s21_round_2_fn
FN:203,s21_round_3_fn
FNDA:1,s21_round_3_fn
FN:222,s21_round_4_fn
FNDA:1,s21_round_4_fn
FN:241,s21_round_5_fn
FNDA:1,s21_round_5_fn
FN:260,s21_round_6_fn
FNDA:1,s21_round_6_fn
FN:279,s21_round_7_fn
FNDA:1,s21_round_7_fn
FN:298,s21_round_8_fn
FNDA:1,s21_round_8_fn
FN:307,s21_floor_1_fn
FNDA:1,s21_floor_1_fn
FN:326,s21_floor_2_fn
FNDA:1,s21_floor_2_fn
FN:345,s21_floor_3_fn
FNDA:1,s21_floor_3_fn
FN:364,s21_floor_4_fn
FNDA:1,s21_floor_4_fn
FN:383,s21_floor_5_fn
FNDA:1,s21_floor_5_fn
FN:402,s21_floor_6_fn
FNDA:1,s21_floor_6_fn
FN:421,s21_floor_7_fn
FNDA:1,s21_floor_7_fn
FN:440,s21_floor_8_fn
FNDA:1,s21_floor_8_fn
FN:449,s21_negate_1_fn
FNDA:1,s21_negate_1_fn
FN:459,s21_negate_2_fn
FNDA:1,s21_negate_2_fn
FN:469,s21_negate_3_fn
FNDA:1,s21_negate_3_fn
FN:480,main
FNDA:29,main
DA:4,1
DA:6,1
DA:7,1
DA:8,1
DA:9,1
DA:10,1
DA:12,1
DA:13,1
DA:14,1
DA:15,1
DA:16,1
DA:17,1
DA:18,1
DA:19,1
DA:20,1
DA:21,1
DA:23,1
DA:25,1
DA:26,1
DA:27,1
DA:28,1
DA:29,1
DA:31,1
DA:32,1
DA:33,1
DA:34,1
DA:35,1
DA:36,1
DA:37,1
DA:38,1
DA:39,1
DA:40,1
DA:42,1
DA:44,1
DA:45,1
DA:46,1
DA:47,1
DA:48,1
DA:50,1
DA:51,1
DA:52,1
DA:53,1
DA:54,1
DA:55,1
DA:56,1
DA:57,1
DA:58,1
DA:59,1
DA:61,1
DA:63,1
DA:64,1
DA:65,1
DA:66,1
DA:67,1
DA:69,1
DA:70,1
DA:71,1
DA:72,1
DA:73,1
DA:74,1
DA:75,1
DA:76,1
DA:77,1
DA:78,1
DA:80,1
DA:82,1
DA:83,1
DA:84,1
DA:85,1
DA:86,1
DA:88,1
DA:89,1
DA:90,1
DA:91,1
DA:92,1
DA:93,1
DA:94,1
DA:95,1
DA:96,1
DA:97,1
DA:99,1
DA:101,1
DA:102,1
DA:103,1
DA:104,1
DA:105,1
DA:106,1
DA:108,1
DA:109,1
DA:110,1
DA:111,1
DA:112,1
DA:113,1
DA:114,1
DA:115,1
DA:116,1
DA:118,1
DA:120,1
DA:121,1
DA:122,1
DA:123,1
DA:124,1
DA:125,1
DA:127,1
DA:128,1
DA:129,1
DA:130,1
DA:131,1
DA:132,1
DA:133,1
DA:134,1
DA:135,1
DA:137,1
DA:139,1
DA:140,1
DA:141,1
DA:142,1
DA:143,1
DA:145,1
DA:146,1
DA:147,1
DA:148,1
DA:149,1
DA:150,1
DA:151,1
DA:152,1
DA:153,1
DA:154,1
DA:156,1
DA:158,1
DA:159,1
DA:160,1
DA:161,1
DA:162,1
DA:165,1
DA:167,1
DA:168,1
DA:169,1
DA:170,1
DA:171,1
DA:173,1
DA:174,1
DA:175,1
DA:176,1
DA:177,1
DA:178,1
DA:179,1
DA:180,1
DA:181,1
DA:182,1
DA:184,1
DA:186,1
DA:187,1
DA:188,1
DA:189,1
DA:190,1
DA:192,1
DA:193,1
DA:194,1
DA:195,1
DA:196,1
DA:197,1
DA:198,1
DA:199,1
DA:200,1
DA:201,1
DA:203,1
DA:205,1
DA:206,1
DA:207,1
DA:208,1
DA:209,1
DA:211,1
DA:212,1
DA:213,1
DA:214,1
DA:215,1
DA:216,1
DA:217,1
DA:218,1
DA:219,1
DA:220,1
DA:222,1
DA:224,1
DA:225,1
DA:226,1
DA:227,1
DA:228,1
DA:230,1
DA:231,1
DA:232,1
DA:233,1
DA:234,1
DA:235,1
DA:236,1
DA:237,1
DA:238,1
DA:239,1
DA:241,1
DA:243,1
DA:244,1
DA:245,1
DA:246,1
DA:247,1
DA:248,1
DA:250,1
DA:251,1
DA:252,1
DA:253,1
DA:254,1
DA:255,1
DA:256,1
DA:257,1
DA:258,1
DA:260,1
DA:262,1
DA:263,1
DA:264,1
DA:265,1
DA:266,1
DA:267,1
DA:269,1
DA:270,1
DA:271,1
DA:272,1
DA:273,1
DA:274,1
DA:275,1
DA:276,1
DA:277,1
DA:279,1
DA:281,1
DA:282,1
DA:283,1
DA:284,1
DA:285,1
DA:286,1
DA:288,1
DA:289,1
DA:290,1
DA:291,1
DA:292,1
DA:293,1
DA:294,1
DA:295,1
DA:296,1
DA:298,1
DA:300,1
DA:301,1
DA:302,1
DA:303,1
DA:304,1
DA:307,1
DA:309,1
DA:310,1
DA:311,1
DA:312,1
DA:313,1
DA:314,1
DA:316,1
DA:317,1
DA:318,1
DA:319,1
DA:320,1
DA:321,1
DA:322,1
DA:323,1
DA:324,1
DA:326,1
DA:328,1
DA:329,1
DA:330,1
DA:331,1
DA:332,1
DA:333,1
DA:335,1
DA:336,1
DA:337,1
DA:338,1
DA:339,1
DA:340,1
DA:341,1
DA:342,1
DA:343,1
DA:345,1
DA:347,1
DA:348,1
DA:349,1
DA:350,1
DA:351,1
DA:352,1
DA:354,1
DA:355,1
DA:356,1
DA:357,1
DA:358,1
DA:359,1
DA:360,1
DA:361,1
DA:362,1
DA:364,1
DA:366,1
DA:367,1
DA:368,1
DA:369,1
DA:370,1
DA:371,1
DA:373,1
DA:374,1
DA:375,1
DA:376,1
DA:377,1
DA:378,1
DA:379,1
DA:380,1
DA:381,1
DA:383,1
DA:385,1
DA:386,1
DA:387,1
DA:388,1
DA:389,1
DA:390,1
DA:392,1
DA:393,1
DA:394,1
DA:395,1
DA:396,1
DA:397,1
DA:398,1
DA:399,1
DA:400,1
DA:402,1
DA:404,1
DA:405,1
DA:406,1
DA:407,1
DA:408,1
DA:409,1
DA:411,1
DA:412,1
DA:413,1
DA:414,1
DA:415,1
DA:416,1
DA:417,1
DA:418,1
DA:419,1
DA:421,1
DA:423,1
DA:424,1
DA:425,1
DA:426,1
DA:427,1
DA:428,1
DA:430,1
DA:431,1
DA:432,1
DA:433,1
DA:434,1
DA:435,1
DA:436,1
DA:437,1
DA:438,1
DA:440,1
DA:442,1
DA:443,1
DA:444,1
DA:445,1
DA:446,1
DA:449,1
DA:450,1
DA:451,1
DA:453,1
DA:454,1
DA:455,1
DA:456,1
DA:457,1
DA:459,1
DA:460,1
DA:461,1
DA:463,1
DA:464,1
DA:465,1
DA:466,1
DA:467,1
DA:469,1
DA:470,1
DA:471,1
DA:473,1
DA:474,1
DA:475,1
DA:476,1
DA:477,1
DA:480,29
DA:481,29
DA:482,29
DA:484,29
DA:485,29
DA:487,29
DA:488,29
DA:489,29
DA:490,29
DA:491,29
DA:492,29
DA:493,29
DA:494,29
DA:495,29
DA:497,29
DA:498,29
DA:499,29
DA:500,29
DA:501,29
DA:502,29
DA:503,29
DA:504,29
DA:506,29
DA:507,29
DA:508,29
DA:509,29
DA:510,29
DA:511,29
DA:512,29
DA:513,29
DA:515,29
DA:516,29
DA:517,29
DA:519,29
DA:520,1
DA:522,1
end_of_record
